<?xml version="1.0" encoding="UTF-8"?>
<testsuite name="tests.WebQuizEngineTest" tests="1" skipped="0" failures="0" errors="0" timestamp="2020-09-16T05:35:18" hostname="DESKTOP-33OP68U" time="49.249">
  <properties/>
  <testcase name="start" classname="tests.WebQuizEngineTest" time="49.249"/>
  <system-out><![CDATA[?[1;31m
Start test 1?[0m

  .   ____          _            __ _ _
 /\\ / ___'_ __ _ _(_)_ __  __ _ \ \ \ \
( ( )\___ | '_ | '_| | '_ \/ _` | \ \ \ \
 \\/  ___)| |_)| | | | | || (_| |  ) ) ) )
  '  |____| .__|_| |_|_| |_\__, | / / / /
 =========|_|==============|___/=/_/_/_/
 :: Spring Boot ::        (v2.2.2.RELEASE)

2020-09-16 11:05:20.041  INFO 232 --- [    Test worker] engine.WebQuizEngine                     : Starting WebQuizEngine on DESKTOP-33OP68U with PID 232 (started by User in C:\Users\User\IdeaProjects\Web Quiz Engine1\Web Quiz Engine\task)
2020-09-16 11:05:20.057  INFO 232 --- [    Test worker] engine.WebQuizEngine                     : No active profile set, falling back to default profiles: default
2020-09-16 11:05:22.242  INFO 232 --- [    Test worker] .s.d.r.c.RepositoryConfigurationDelegate : Bootstrapping Spring Data JPA repositories in DEFAULT mode.
2020-09-16 11:05:22.387  INFO 232 --- [    Test worker] .s.d.r.c.RepositoryConfigurationDelegate : Finished Spring Data repository scanning in 124ms. Found 4 JPA repository interfaces.
2020-09-16 11:05:23.232  INFO 232 --- [    Test worker] trationDelegate$BeanPostProcessorChecker : Bean 'org.springframework.transaction.annotation.ProxyTransactionManagementConfiguration' of type [org.springframework.transaction.annotation.ProxyTransactionManagementConfiguration] is not eligible for getting processed by all BeanPostProcessors (for example: not eligible for auto-proxying)
2020-09-16 11:05:23.768  INFO 232 --- [    Test worker] o.s.b.w.embedded.tomcat.TomcatWebServer  : Tomcat initialized with port(s): 8889 (http)
2020-09-16 11:05:23.792  INFO 232 --- [    Test worker] o.apache.catalina.core.StandardService   : Starting service [Tomcat]
2020-09-16 11:05:23.794  INFO 232 --- [    Test worker] org.apache.catalina.core.StandardEngine  : Starting Servlet engine: [Apache Tomcat/9.0.29]
2020-09-16 11:05:24.109  INFO 232 --- [    Test worker] o.a.c.c.C.[Tomcat].[localhost].[/]       : Initializing Spring embedded WebApplicationContext
2020-09-16 11:05:24.110  INFO 232 --- [    Test worker] o.s.web.context.ContextLoader            : Root WebApplicationContext: initialization completed in 3912 ms
2020-09-16 11:05:24.385  INFO 232 --- [    Test worker] com.zaxxer.hikari.HikariDataSource       : HikariPool-1 - Starting...
2020-09-16 11:05:24.905  INFO 232 --- [    Test worker] com.zaxxer.hikari.HikariDataSource       : HikariPool-1 - Start completed.
2020-09-16 11:05:24.916  INFO 232 --- [    Test worker] o.s.b.a.h2.H2ConsoleAutoConfiguration    : H2 console available at '/h2-console'. Database available at 'jdbc:h2:file:../quizdb'
2020-09-16 11:05:25.594  INFO 232 --- [    Test worker] o.hibernate.jpa.internal.util.LogHelper  : HHH000204: Processing PersistenceUnitInfo [name: default]
2020-09-16 11:05:25.744  INFO 232 --- [    Test worker] org.hibernate.Version                    : HHH000412: Hibernate Core {5.4.9.Final}
2020-09-16 11:05:26.147  INFO 232 --- [    Test worker] o.hibernate.annotations.common.Version   : HCANN000001: Hibernate Commons Annotations {5.1.0.Final}
2020-09-16 11:05:26.430  INFO 232 --- [    Test worker] org.hibernate.dialect.Dialect            : HHH000400: Using dialect: org.hibernate.dialect.H2Dialect
2020-09-16 11:05:28.215  INFO 232 --- [    Test worker] o.h.e.t.j.p.i.JtaPlatformInitiator       : HHH000490: Using JtaPlatform implementation: [org.hibernate.engine.transaction.jta.platform.internal.NoJtaPlatform]
2020-09-16 11:05:28.230  INFO 232 --- [    Test worker] j.LocalContainerEntityManagerFactoryBean : Initialized JPA EntityManagerFactory for persistence unit 'default'
2020-09-16 11:05:29.106  WARN 232 --- [    Test worker] JpaBaseConfiguration$JpaWebConfiguration : spring.jpa.open-in-view is enabled by default. Therefore, database queries may be performed during view rendering. Explicitly configure spring.jpa.open-in-view to disable this warning
2020-09-16 11:05:29.567  INFO 232 --- [    Test worker] o.s.s.concurrent.ThreadPoolTaskExecutor  : Initializing ExecutorService 'applicationTaskExecutor'
2020-09-16 11:05:30.364  INFO 232 --- [    Test worker] o.s.s.web.DefaultSecurityFilterChain     : Creating filter chain: any request, [org.springframework.security.web.context.request.async.WebAsyncManagerIntegrationFilter@6df215eb, org.springframework.security.web.context.SecurityContextPersistenceFilter@170e2877, org.springframework.security.web.header.HeaderWriterFilter@1203600f, org.springframework.security.web.authentication.logout.LogoutFilter@5f527de6, org.springframework.security.web.authentication.www.BasicAuthenticationFilter@365b5e9, org.springframework.security.web.savedrequest.RequestCacheAwareFilter@14a0a66, org.springframework.security.web.servletapi.SecurityContextHolderAwareRequestFilter@6f879cc0, org.springframework.security.web.authentication.AnonymousAuthenticationFilter@20d5d058, org.springframework.security.web.session.SessionManagementFilter@5620491e, org.springframework.security.web.access.ExceptionTranslationFilter@4dcb97b2, org.springframework.security.web.access.intercept.FilterSecurityInterceptor@5c563eb0]
2020-09-16 11:05:30.450  INFO 232 --- [    Test worker] o.s.b.a.e.web.EndpointLinksResolver      : Exposing 14 endpoint(s) beneath base path '/actuator'
2020-09-16 11:05:30.613  INFO 232 --- [    Test worker] o.s.b.w.embedded.tomcat.TomcatWebServer  : Tomcat started on port(s): 8889 (http) with context path ''
2020-09-16 11:05:30.618  INFO 232 --- [    Test worker] engine.WebQuizEngine                     : Started WebQuizEngine in 11.694 seconds (JVM running for 13.227)
Hello Hashem, Lets start...
2020-09-16 11:05:31.658  INFO 232 --- [nio-8889-exec-1] o.a.c.c.C.[Tomcat].[localhost].[/]       : Initializing Spring DispatcherServlet 'dispatcherServlet'
2020-09-16 11:05:31.661  INFO 232 --- [nio-8889-exec-1] o.s.web.servlet.DispatcherServlet        : Initializing Servlet 'dispatcherServlet'
2020-09-16 11:05:31.705  INFO 232 --- [nio-8889-exec-1] o.s.web.servlet.DispatcherServlet        : Completed initialization in 43 ms
?[1;31m
Start test 2?[0m
?[1;31m
Start test 3?[0m
?[1;31m
Start test 4?[0m
?[1;31m
Start test 5?[0m
?[1;31m
Start test 6?[0m
?[1;31m
Start test 7?[0m
?[1;31m
Start test 8?[0m
?[1;31m
Start test 9?[0m
?[1;31m
Start test 10?[0m
?[1;31m
Start test 11?[0m
?[1;31m
Start test 12?[0m
?[1;31m
Start test 13?[0m
?[1;31m
Start test 14?[0m
?[1;31m
Start test 15?[0m
?[1;31m
Start test 16?[0m
?[1;31m
Start test 17?[0m
?[1;31m
Start test 18?[0m
?[1;31m
Start test 19?[0m
?[1;31m
Start test 20?[0m
?[1;31m
Start test 21?[0m
?[1;31m
Start test 22?[0m
?[1;31m
Start test 23?[0m
?[1;31m
Start test 24?[0m
?[1;31m
Start test 25?[0m
?[1;31m
Start test 26?[0m
?[1;31m
Start test 27?[0m
?[1;31m
Start test 28?[0m
?[1;31m
Start test 29?[0m
?[1;31m
Start test 30?[0m
?[1;31m
Start test 31?[0m
?[1;31m
Start test 32?[0m
?[1;31m
Start test 33?[0m
?[1;31m
Start test 34?[0m
?[1;31m
Start test 35?[0m
?[1;31m
Start test 36?[0m
?[1;31m
Start test 37?[0m
?[1;31m
Start test 38?[0m
?[1;31m
Start test 39?[0m
?[1;31m
Start test 40?[0m
?[1;31m
Start test 41?[0m
?[1;31m
Start test 42?[0m
?[1;31m
Start test 43?[0m
?[1;31m
Start test 44?[0m
?[1;31m
Start test 45?[0m
?[1;31m
Start test 46?[0m
2020-09-16 11:05:37.763  INFO 232 --- [       Thread-6] o.s.s.concurrent.ThreadPoolTaskExecutor  : Shutting down ExecutorService 'applicationTaskExecutor'
2020-09-16 11:05:37.773  INFO 232 --- [       Thread-6] j.LocalContainerEntityManagerFactoryBean : Closing JPA EntityManagerFactory for persistence unit 'default'
2020-09-16 11:05:37.785  INFO 232 --- [       Thread-6] com.zaxxer.hikari.HikariDataSource       : HikariPool-1 - Shutdown initiated...
2020-09-16 11:05:38.034  INFO 232 --- [       Thread-6] com.zaxxer.hikari.HikariDataSource       : HikariPool-1 - Shutdown completed.

  .   ____          _            __ _ _
 /\\ / ___'_ __ _ _(_)_ __  __ _ \ \ \ \
( ( )\___ | '_ | '_| | '_ \/ _` | \ \ \ \
 \\/  ___)| |_)| | | | | || (_| |  ) ) ) )
  '  |____| .__|_| |_|_| |_\__, | / / / /
 =========|_|==============|___/=/_/_/_/
 :: Spring Boot ::        (v2.2.2.RELEASE)

2020-09-16 11:05:38.172  INFO 232 --- [    Test worker] engine.WebQuizEngine                     : Starting WebQuizEngine on DESKTOP-33OP68U with PID 232 (started by User in C:\Users\User\IdeaProjects\Web Quiz Engine1\Web Quiz Engine\task)
2020-09-16 11:05:38.174  INFO 232 --- [    Test worker] engine.WebQuizEngine                     : No active profile set, falling back to default profiles: default
2020-09-16 11:05:38.609  INFO 232 --- [       Thread-6] o.apache.catalina.core.StandardService   : Stopping service [Tomcat]
2020-09-16 11:05:38.812  INFO 232 --- [       Thread-6] o.a.c.c.C.[Tomcat].[localhost].[/]       : Destroying Spring FrameworkServlet 'dispatcherServlet'
2020-09-16 11:05:39.031  INFO 232 --- [    Test worker] .s.d.r.c.RepositoryConfigurationDelegate : Bootstrapping Spring Data JPA repositories in DEFAULT mode.
2020-09-16 11:05:39.062  INFO 232 --- [    Test worker] .s.d.r.c.RepositoryConfigurationDelegate : Finished Spring Data repository scanning in 31ms. Found 4 JPA repository interfaces.
2020-09-16 11:05:39.187  INFO 232 --- [    Test worker] trationDelegate$BeanPostProcessorChecker : Bean 'org.springframework.transaction.annotation.ProxyTransactionManagementConfiguration' of type [org.springframework.transaction.annotation.ProxyTransactionManagementConfiguration] is not eligible for getting processed by all BeanPostProcessors (for example: not eligible for auto-proxying)
2020-09-16 11:05:39.265  WARN 232 --- [    Test worker] org.apache.tomcat.util.modeler.Registry  : The MBean registry cannot be disabled because it has already been initialised
2020-09-16 11:05:39.265  INFO 232 --- [    Test worker] o.s.b.w.embedded.tomcat.TomcatWebServer  : Tomcat initialized with port(s): 8889 (http)
2020-09-16 11:05:39.265  INFO 232 --- [    Test worker] o.apache.catalina.core.StandardService   : Starting service [Tomcat]
2020-09-16 11:05:39.265  INFO 232 --- [    Test worker] org.apache.catalina.core.StandardEngine  : Starting Servlet engine: [Apache Tomcat/9.0.29]
2020-09-16 11:05:39.328  INFO 232 --- [    Test worker] o.a.c.c.C.[Tomcat].[localhost].[/]       : Initializing Spring embedded WebApplicationContext
2020-09-16 11:05:39.328  INFO 232 --- [    Test worker] o.s.web.context.ContextLoader            : Root WebApplicationContext: initialization completed in 1147 ms
2020-09-16 11:05:39.421  INFO 232 --- [    Test worker] com.zaxxer.hikari.HikariDataSource       : HikariPool-2 - Starting...
2020-09-16 11:05:39.437  INFO 232 --- [    Test worker] com.zaxxer.hikari.HikariDataSource       : HikariPool-2 - Start completed.
2020-09-16 11:05:39.437  INFO 232 --- [    Test worker] o.s.b.a.h2.H2ConsoleAutoConfiguration    : H2 console available at '/h2-console'. Database available at 'jdbc:h2:file:../quizdb'
2020-09-16 11:05:39.625  INFO 232 --- [    Test worker] o.hibernate.jpa.internal.util.LogHelper  : HHH000204: Processing PersistenceUnitInfo [name: default]
2020-09-16 11:05:39.640  INFO 232 --- [    Test worker] org.hibernate.dialect.Dialect            : HHH000400: Using dialect: org.hibernate.dialect.H2Dialect
2020-09-16 11:05:39.968  INFO 232 --- [    Test worker] o.h.e.t.j.p.i.JtaPlatformInitiator       : HHH000490: Using JtaPlatform implementation: [org.hibernate.engine.transaction.jta.platform.internal.NoJtaPlatform]
2020-09-16 11:05:39.968  INFO 232 --- [    Test worker] j.LocalContainerEntityManagerFactoryBean : Initialized JPA EntityManagerFactory for persistence unit 'default'
2020-09-16 11:05:40.137  WARN 232 --- [    Test worker] JpaBaseConfiguration$JpaWebConfiguration : spring.jpa.open-in-view is enabled by default. Therefore, database queries may be performed during view rendering. Explicitly configure spring.jpa.open-in-view to disable this warning
2020-09-16 11:05:40.335  INFO 232 --- [    Test worker] o.s.s.concurrent.ThreadPoolTaskExecutor  : Initializing ExecutorService 'applicationTaskExecutor'
2020-09-16 11:05:40.574  INFO 232 --- [    Test worker] o.s.s.web.DefaultSecurityFilterChain     : Creating filter chain: any request, [org.springframework.security.web.context.request.async.WebAsyncManagerIntegrationFilter@12f82e68, org.springframework.security.web.context.SecurityContextPersistenceFilter@5706c9a, org.springframework.security.web.header.HeaderWriterFilter@2944c451, org.springframework.security.web.authentication.logout.LogoutFilter@6de24a09, org.springframework.security.web.authentication.www.BasicAuthenticationFilter@4d6699f9, org.springframework.security.web.savedrequest.RequestCacheAwareFilter@1738fdc8, org.springframework.security.web.servletapi.SecurityContextHolderAwareRequestFilter@18d1d532, org.springframework.security.web.authentication.AnonymousAuthenticationFilter@39d53538, org.springframework.security.web.session.SessionManagementFilter@40efb82, org.springframework.security.web.access.ExceptionTranslationFilter@9c37337, org.springframework.security.web.access.intercept.FilterSecurityInterceptor@7b40902d]
2020-09-16 11:05:40.615  INFO 232 --- [    Test worker] o.s.b.a.e.web.EndpointLinksResolver      : Exposing 14 endpoint(s) beneath base path '/actuator'
2020-09-16 11:05:40.655  INFO 232 --- [    Test worker] o.s.b.w.embedded.tomcat.TomcatWebServer  : Tomcat started on port(s): 8889 (http) with context path ''
2020-09-16 11:05:40.657  INFO 232 --- [    Test worker] engine.WebQuizEngine                     : Started WebQuizEngine in 2.593 seconds (JVM running for 23.265)
Hello Hashem, Lets start...
?[1;31m
Start test 47?[0m
2020-09-16 11:05:40.671  INFO 232 --- [nio-8889-exec-1] o.a.c.c.C.[Tomcat].[localhost].[/]       : Initializing Spring DispatcherServlet 'dispatcherServlet'
2020-09-16 11:05:40.671  INFO 232 --- [nio-8889-exec-1] o.s.web.servlet.DispatcherServlet        : Initializing Servlet 'dispatcherServlet'
2020-09-16 11:05:40.681  INFO 232 --- [nio-8889-exec-1] o.s.web.servlet.DispatcherServlet        : Completed initialization in 10 ms
?[1;31m
Start test 48?[0m
?[1;31m
Start test 49?[0m
?[1;31m
Start test 50?[0m
?[1;31m
Start test 51?[0m
?[1;31m
Start test 52?[0m
?[1;31m
Start test 53?[0m
?[1;31m
Start test 54?[0m
?[1;31m
Start test 55?[0m
?[1;31m
Start test 56?[0m
?[1;31m
Start test 57?[0m
?[1;31m
Start test 58?[0m
?[1;31m
Start test 59?[0m
?[1;31m
Start test 60?[0m
?[1;31m
Start test 61?[0m
?[1;31m
Start test 62?[0m
?[1;31m
Start test 63?[0m
?[1;31m
Start test 64?[0m
?[1;31m
Start test 65?[0m
?[1;31m
Start test 66?[0m
?[1;31m
Start test 67?[0m
?[1;31m
Start test 68?[0m
?[1;31m
Start test 69?[0m
?[1;31m
Start test 70?[0m
?[1;31m
Start test 71?[0m
?[1;31m
Start test 72?[0m
?[1;31m
Start test 73?[0m
?[1;31m
Start test 74?[0m
?[1;31m
Start test 75?[0m
?[1;31m
Start test 76?[0m
?[1;31m
Start test 77?[0m
?[1;31m
Start test 78?[0m
?[1;31m
Start test 79?[0m
?[1;31m
Start test 80?[0m
?[1;31m
Start test 81?[0m
?[1;31m
Start test 82?[0m
?[1;31m
Start test 83?[0m
?[1;31m
Start test 84?[0m
?[1;31m
Start test 85?[0m
?[1;31m
Start test 86?[0m
?[1;31m
Start test 87?[0m
?[1;31m
Start test 88?[0m
?[1;31m
Start test 89?[0m
?[1;31m
Start test 90?[0m
?[1;31m
Start test 91?[0m
?[1;31m
Start test 92?[0m
?[1;31m
Start test 93?[0m
?[1;31m
Start test 94?[0m
?[1;31m
Start test 95?[0m
?[1;31m
Start test 96?[0m
?[1;31m
Start test 97?[0m
?[1;31m
Start test 98?[0m
?[1;31m
Start test 99?[0m
?[1;31m
Start test 100?[0m
?[1;31m
Start test 101?[0m
?[1;31m
Start test 102?[0m
?[1;31m
Start test 103?[0m
?[1;31m
Start test 104?[0m
?[1;31m
Start test 105?[0m
?[1;31m
Start test 106?[0m
?[1;31m
Start test 107?[0m
?[1;31m
Start test 108?[0m
?[1;31m
Start test 109?[0m
?[1;31m
Start test 110?[0m
?[1;31m
Start test 111?[0m
?[1;31m
Start test 112?[0m
?[1;31m
Start test 113?[0m
?[1;31m
Start test 114?[0m
?[1;31m
Start test 115?[0m
?[1;31m
Start test 116?[0m
?[1;31m
Start test 117?[0m
?[1;31m
Start test 118?[0m
?[1;31m
Start test 119?[0m
?[1;31m
Start test 120?[0m
?[1;31m
Start test 121?[0m
?[1;31m
Start test 122?[0m
?[1;31m
Start test 123?[0m
?[1;31m
Start test 124?[0m
?[1;31m
Start test 125?[0m
?[1;31m
Start test 126?[0m
?[1;31m
Start test 127?[0m
?[1;31m
Start test 128?[0m
?[1;31m
Start test 129?[0m
?[1;31m
Start test 130?[0m
?[1;31m
Start test 131?[0m
?[1;31m
Start test 132?[0m
?[1;31m
Start test 133?[0m
?[1;31m
Start test 134?[0m
?[1;31m
Start test 135?[0m
?[1;31m
Start test 136?[0m
?[1;31m
Start test 137?[0m
?[1;31m
Start test 138?[0m
?[1;31m
Start test 139?[0m
?[1;31m
Start test 140?[0m
?[1;31m
Start test 141?[0m
?[1;31m
Start test 142?[0m
?[1;31m
Start test 143?[0m
?[1;31m
Start test 144?[0m
?[1;31m
Start test 145?[0m
?[1;31m
Start test 146?[0m
?[1;31m
Start test 147?[0m
?[1;31m
Start test 148?[0m
?[1;31m
Start test 149?[0m
?[1;31m
Start test 150?[0m
?[1;31m
Start test 151?[0m
?[1;31m
Start test 152?[0m
?[1;31m
Start test 153?[0m
?[1;31m
Start test 154?[0m
?[1;31m
Start test 155?[0m
2020-09-16 11:05:53.235  INFO 232 --- [       Thread-9] o.s.s.concurrent.ThreadPoolTaskExecutor  : Shutting down ExecutorService 'applicationTaskExecutor'
2020-09-16 11:05:53.242  INFO 232 --- [       Thread-9] j.LocalContainerEntityManagerFactoryBean : Closing JPA EntityManagerFactory for persistence unit 'default'
2020-09-16 11:05:53.246  INFO 232 --- [       Thread-9] com.zaxxer.hikari.HikariDataSource       : HikariPool-2 - Shutdown initiated...
2020-09-16 11:05:53.641  INFO 232 --- [       Thread-9] com.zaxxer.hikari.HikariDataSource       : HikariPool-2 - Shutdown completed.

  .   ____          _            __ _ _
 /\\ / ___'_ __ _ _(_)_ __  __ _ \ \ \ \
( ( )\___ | '_ | '_| | '_ \/ _` | \ \ \ \
 \\/  ___)| |_)| | | | | || (_| |  ) ) ) )
  '  |____| .__|_| |_|_| |_\__, | / / / /
 =========|_|==============|___/=/_/_/_/
 :: Spring Boot ::        (v2.2.2.RELEASE)

2020-09-16 11:05:53.790  INFO 232 --- [    Test worker] engine.WebQuizEngine                     : Starting WebQuizEngine on DESKTOP-33OP68U with PID 232 (started by User in C:\Users\User\IdeaProjects\Web Quiz Engine1\Web Quiz Engine\task)
2020-09-16 11:05:53.790  INFO 232 --- [    Test worker] engine.WebQuizEngine                     : No active profile set, falling back to default profiles: default
2020-09-16 11:05:53.867  INFO 232 --- [       Thread-9] o.apache.catalina.core.StandardService   : Stopping service [Tomcat]
2020-09-16 11:05:53.883  INFO 232 --- [       Thread-9] o.a.c.c.C.[Tomcat].[localhost].[/]       : Destroying Spring FrameworkServlet 'dispatcherServlet'
2020-09-16 11:05:54.361  INFO 232 --- [    Test worker] .s.d.r.c.RepositoryConfigurationDelegate : Bootstrapping Spring Data JPA repositories in DEFAULT mode.
2020-09-16 11:05:54.391  INFO 232 --- [    Test worker] .s.d.r.c.RepositoryConfigurationDelegate : Finished Spring Data repository scanning in 29ms. Found 4 JPA repository interfaces.
2020-09-16 11:05:54.495  INFO 232 --- [    Test worker] trationDelegate$BeanPostProcessorChecker : Bean 'org.springframework.transaction.annotation.ProxyTransactionManagementConfiguration' of type [org.springframework.transaction.annotation.ProxyTransactionManagementConfiguration] is not eligible for getting processed by all BeanPostProcessors (for example: not eligible for auto-proxying)
2020-09-16 11:05:54.560  WARN 232 --- [    Test worker] org.apache.tomcat.util.modeler.Registry  : The MBean registry cannot be disabled because it has already been initialised
2020-09-16 11:05:54.569  INFO 232 --- [    Test worker] o.s.b.w.embedded.tomcat.TomcatWebServer  : Tomcat initialized with port(s): 8889 (http)
2020-09-16 11:05:54.570  INFO 232 --- [    Test worker] o.apache.catalina.core.StandardService   : Starting service [Tomcat]
2020-09-16 11:05:54.571  INFO 232 --- [    Test worker] org.apache.catalina.core.StandardEngine  : Starting Servlet engine: [Apache Tomcat/9.0.29]
2020-09-16 11:05:54.636  INFO 232 --- [    Test worker] o.a.c.c.C.[Tomcat].[localhost].[/]       : Initializing Spring embedded WebApplicationContext
2020-09-16 11:05:54.637  INFO 232 --- [    Test worker] o.s.web.context.ContextLoader            : Root WebApplicationContext: initialization completed in 841 ms
2020-09-16 11:05:54.715  INFO 232 --- [    Test worker] com.zaxxer.hikari.HikariDataSource       : HikariPool-3 - Starting...
2020-09-16 11:05:54.731  INFO 232 --- [    Test worker] com.zaxxer.hikari.HikariDataSource       : HikariPool-3 - Start completed.
2020-09-16 11:05:54.733  INFO 232 --- [    Test worker] o.s.b.a.h2.H2ConsoleAutoConfiguration    : H2 console available at '/h2-console'. Database available at 'jdbc:h2:file:../quizdb'
2020-09-16 11:05:54.955  INFO 232 --- [    Test worker] o.hibernate.jpa.internal.util.LogHelper  : HHH000204: Processing PersistenceUnitInfo [name: default]
2020-09-16 11:05:54.976  INFO 232 --- [    Test worker] org.hibernate.dialect.Dialect            : HHH000400: Using dialect: org.hibernate.dialect.H2Dialect
2020-09-16 11:05:55.230  INFO 232 --- [    Test worker] o.h.e.t.j.p.i.JtaPlatformInitiator       : HHH000490: Using JtaPlatform implementation: [org.hibernate.engine.transaction.jta.platform.internal.NoJtaPlatform]
2020-09-16 11:05:55.230  INFO 232 --- [    Test worker] j.LocalContainerEntityManagerFactoryBean : Initialized JPA EntityManagerFactory for persistence unit 'default'
2020-09-16 11:05:55.355  WARN 232 --- [    Test worker] JpaBaseConfiguration$JpaWebConfiguration : spring.jpa.open-in-view is enabled by default. Therefore, database queries may be performed during view rendering. Explicitly configure spring.jpa.open-in-view to disable this warning
2020-09-16 11:05:55.496  INFO 232 --- [    Test worker] o.s.s.concurrent.ThreadPoolTaskExecutor  : Initializing ExecutorService 'applicationTaskExecutor'
2020-09-16 11:05:55.652  INFO 232 --- [    Test worker] o.s.s.web.DefaultSecurityFilterChain     : Creating filter chain: any request, [org.springframework.security.web.context.request.async.WebAsyncManagerIntegrationFilter@4e0c57cd, org.springframework.security.web.context.SecurityContextPersistenceFilter@28af042d, org.springframework.security.web.header.HeaderWriterFilter@7abda1, org.springframework.security.web.authentication.logout.LogoutFilter@29cfc7c2, org.springframework.security.web.authentication.www.BasicAuthenticationFilter@7838866c, org.springframework.security.web.savedrequest.RequestCacheAwareFilter@64caa5b2, org.springframework.security.web.servletapi.SecurityContextHolderAwareRequestFilter@31088b3f, org.springframework.security.web.authentication.AnonymousAuthenticationFilter@7c7ae852, org.springframework.security.web.session.SessionManagementFilter@5523ae49, org.springframework.security.web.access.ExceptionTranslationFilter@6185a597, org.springframework.security.web.access.intercept.FilterSecurityInterceptor@4ddbae03]
2020-09-16 11:05:55.668  INFO 232 --- [    Test worker] o.s.b.a.e.web.EndpointLinksResolver      : Exposing 14 endpoint(s) beneath base path '/actuator'
2020-09-16 11:05:55.715  INFO 232 --- [    Test worker] o.s.b.w.embedded.tomcat.TomcatWebServer  : Tomcat started on port(s): 8889 (http) with context path ''
2020-09-16 11:05:55.715  INFO 232 --- [    Test worker] engine.WebQuizEngine                     : Started WebQuizEngine in 1.986 seconds (JVM running for 38.329)
Hello Hashem, Lets start...
?[1;31m
Start test 156?[0m
2020-09-16 11:05:55.715  INFO 232 --- [nio-8889-exec-1] o.a.c.c.C.[Tomcat].[localhost].[/]       : Initializing Spring DispatcherServlet 'dispatcherServlet'
2020-09-16 11:05:55.715  INFO 232 --- [nio-8889-exec-1] o.s.web.servlet.DispatcherServlet        : Initializing Servlet 'dispatcherServlet'
2020-09-16 11:05:55.730  INFO 232 --- [nio-8889-exec-1] o.s.web.servlet.DispatcherServlet        : Completed initialization in 15 ms
?[1;31m
Start test 157?[0m
?[1;31m
Start test 158?[0m
?[1;31m
Start test 159?[0m
?[1;31m
Start test 160?[0m
?[1;31m
Start test 161?[0m
?[1;31m
Start test 162?[0m
?[1;31m
Start test 163?[0m
?[1;31m
Start test 164?[0m
?[1;31m
Start test 165?[0m
?[1;31m
Start test 166?[0m
?[1;31m
Start test 167?[0m
?[1;31m
Start test 168?[0m
?[1;31m
Start test 169?[0m
?[1;31m
Start test 170?[0m
?[1;31m
Start test 171?[0m
?[1;31m
Start test 172?[0m
?[1;31m
Start test 173?[0m
?[1;31m
Start test 174?[0m
?[1;31m
Start test 175?[0m
?[1;31m
Start test 176?[0m
?[1;31m
Start test 177?[0m
?[1;31m
Start test 178?[0m
?[1;31m
Start test 179?[0m
?[1;31m
Start test 180?[0m
?[1;31m
Start test 181?[0m
?[1;31m
Start test 182?[0m
?[1;31m
Start test 183?[0m
?[1;31m
Start test 184?[0m
?[1;31m
Start test 185?[0m
?[1;31m
Start test 186?[0m
?[1;31m
Start test 187?[0m
?[1;31m
Start test 188?[0m
?[1;31m
Start test 189?[0m
?[1;31m
Start test 190?[0m
?[1;31m
Start test 191?[0m
?[1;31m
Start test 192?[0m
?[1;31m
Start test 193?[0m
?[1;31m
Start test 194?[0m
?[1;31m
Start test 195?[0m
?[1;31m
Start test 196?[0m
?[1;31m
Start test 197?[0m
?[1;31m
Start test 198?[0m
?[1;31m
Start test 199?[0m
?[1;31m
Start test 200?[0m
?[1;31m
Start test 201?[0m
?[1;31m
Start test 202?[0m
?[1;31m
Start test 203?[0m
?[1;31m
Start test 204?[0m
?[1;31m
Start test 205?[0m
?[1;31m
Start test 206?[0m
?[1;31m
Start test 207?[0m
?[1;31m
Start test 208?[0m
?[1;31m
Start test 209?[0m
?[1;31m
Start test 210?[0m
?[1;31m
Start test 211?[0m
?[1;31m
Start test 212?[0m
?[1;31m
Start test 213?[0m
?[1;31m
Start test 214?[0m
?[1;31m
Start test 215?[0m
2020-09-16 11:06:03.046  INFO 232 --- [      Thread-12] o.s.s.concurrent.ThreadPoolTaskExecutor  : Shutting down ExecutorService 'applicationTaskExecutor'
2020-09-16 11:06:03.050  INFO 232 --- [      Thread-12] j.LocalContainerEntityManagerFactoryBean : Closing JPA EntityManagerFactory for persistence unit 'default'
2020-09-16 11:06:03.053  INFO 232 --- [      Thread-12] com.zaxxer.hikari.HikariDataSource       : HikariPool-3 - Shutdown initiated...
2020-09-16 11:06:03.384  INFO 232 --- [      Thread-12] com.zaxxer.hikari.HikariDataSource       : HikariPool-3 - Shutdown completed.

  .   ____          _            __ _ _
 /\\ / ___'_ __ _ _(_)_ __  __ _ \ \ \ \
( ( )\___ | '_ | '_| | '_ \/ _` | \ \ \ \
 \\/  ___)| |_)| | | | | || (_| |  ) ) ) )
  '  |____| .__|_| |_|_| |_\__, | / / / /
 =========|_|==============|___/=/_/_/_/
 :: Spring Boot ::        (v2.2.2.RELEASE)

2020-09-16 11:06:03.492  INFO 232 --- [    Test worker] engine.WebQuizEngine                     : Starting WebQuizEngine on DESKTOP-33OP68U with PID 232 (started by User in C:\Users\User\IdeaProjects\Web Quiz Engine1\Web Quiz Engine\task)
2020-09-16 11:06:03.492  INFO 232 --- [    Test worker] engine.WebQuizEngine                     : No active profile set, falling back to default profiles: default
2020-09-16 11:06:03.661  INFO 232 --- [      Thread-12] o.apache.catalina.core.StandardService   : Stopping service [Tomcat]
2020-09-16 11:06:03.673  INFO 232 --- [      Thread-12] o.a.c.c.C.[Tomcat].[localhost].[/]       : Destroying Spring FrameworkServlet 'dispatcherServlet'
2020-09-16 11:06:04.051  INFO 232 --- [    Test worker] .s.d.r.c.RepositoryConfigurationDelegate : Bootstrapping Spring Data JPA repositories in DEFAULT mode.
2020-09-16 11:06:04.084  INFO 232 --- [    Test worker] .s.d.r.c.RepositoryConfigurationDelegate : Finished Spring Data repository scanning in 31ms. Found 4 JPA repository interfaces.
2020-09-16 11:06:04.241  INFO 232 --- [    Test worker] trationDelegate$BeanPostProcessorChecker : Bean 'org.springframework.transaction.annotation.ProxyTransactionManagementConfiguration' of type [org.springframework.transaction.annotation.ProxyTransactionManagementConfiguration] is not eligible for getting processed by all BeanPostProcessors (for example: not eligible for auto-proxying)
2020-09-16 11:06:04.298  WARN 232 --- [    Test worker] org.apache.tomcat.util.modeler.Registry  : The MBean registry cannot be disabled because it has already been initialised
2020-09-16 11:06:04.305  INFO 232 --- [    Test worker] o.s.b.w.embedded.tomcat.TomcatWebServer  : Tomcat initialized with port(s): 8889 (http)
2020-09-16 11:06:04.306  INFO 232 --- [    Test worker] o.apache.catalina.core.StandardService   : Starting service [Tomcat]
2020-09-16 11:06:04.307  INFO 232 --- [    Test worker] org.apache.catalina.core.StandardEngine  : Starting Servlet engine: [Apache Tomcat/9.0.29]
2020-09-16 11:06:04.351  INFO 232 --- [    Test worker] o.a.c.c.C.[Tomcat].[localhost].[/]       : Initializing Spring embedded WebApplicationContext
2020-09-16 11:06:04.351  INFO 232 --- [    Test worker] o.s.web.context.ContextLoader            : Root WebApplicationContext: initialization completed in 851 ms
2020-09-16 11:06:04.422  INFO 232 --- [    Test worker] com.zaxxer.hikari.HikariDataSource       : HikariPool-4 - Starting...
2020-09-16 11:06:04.437  INFO 232 --- [    Test worker] com.zaxxer.hikari.HikariDataSource       : HikariPool-4 - Start completed.
2020-09-16 11:06:04.437  INFO 232 --- [    Test worker] o.s.b.a.h2.H2ConsoleAutoConfiguration    : H2 console available at '/h2-console'. Database available at 'jdbc:h2:file:../quizdb'
2020-09-16 11:06:04.581  INFO 232 --- [    Test worker] o.hibernate.jpa.internal.util.LogHelper  : HHH000204: Processing PersistenceUnitInfo [name: default]
2020-09-16 11:06:04.594  INFO 232 --- [    Test worker] org.hibernate.dialect.Dialect            : HHH000400: Using dialect: org.hibernate.dialect.H2Dialect
2020-09-16 11:06:04.817  INFO 232 --- [    Test worker] o.h.e.t.j.p.i.JtaPlatformInitiator       : HHH000490: Using JtaPlatform implementation: [org.hibernate.engine.transaction.jta.platform.internal.NoJtaPlatform]
2020-09-16 11:06:04.817  INFO 232 --- [    Test worker] j.LocalContainerEntityManagerFactoryBean : Initialized JPA EntityManagerFactory for persistence unit 'default'
2020-09-16 11:06:05.035  WARN 232 --- [    Test worker] JpaBaseConfiguration$JpaWebConfiguration : spring.jpa.open-in-view is enabled by default. Therefore, database queries may be performed during view rendering. Explicitly configure spring.jpa.open-in-view to disable this warning
2020-09-16 11:06:05.203  INFO 232 --- [    Test worker] o.s.s.concurrent.ThreadPoolTaskExecutor  : Initializing ExecutorService 'applicationTaskExecutor'
2020-09-16 11:06:05.408  INFO 232 --- [    Test worker] o.s.s.web.DefaultSecurityFilterChain     : Creating filter chain: any request, [org.springframework.security.web.context.request.async.WebAsyncManagerIntegrationFilter@2ecd32e, org.springframework.security.web.context.SecurityContextPersistenceFilter@48a773f, org.springframework.security.web.header.HeaderWriterFilter@510db18a, org.springframework.security.web.authentication.logout.LogoutFilter@74553b26, org.springframework.security.web.authentication.www.BasicAuthenticationFilter@155414b5, org.springframework.security.web.savedrequest.RequestCacheAwareFilter@4f400508, org.springframework.security.web.servletapi.SecurityContextHolderAwareRequestFilter@737d7c8b, org.springframework.security.web.authentication.AnonymousAuthenticationFilter@49ae5760, org.springframework.security.web.session.SessionManagementFilter@69b72569, org.springframework.security.web.access.ExceptionTranslationFilter@15dbcb45, org.springframework.security.web.access.intercept.FilterSecurityInterceptor@5c52ad5c]
2020-09-16 11:06:05.439  INFO 232 --- [    Test worker] o.s.b.a.e.web.EndpointLinksResolver      : Exposing 14 endpoint(s) beneath base path '/actuator'
2020-09-16 11:06:05.470  INFO 232 --- [    Test worker] o.s.b.w.embedded.tomcat.TomcatWebServer  : Tomcat started on port(s): 8889 (http) with context path ''
2020-09-16 11:06:05.470  INFO 232 --- [    Test worker] engine.WebQuizEngine                     : Started WebQuizEngine in 2.03 seconds (JVM running for 48.086)
Hello Hashem, Lets start...
?[1;31m
Start test 216?[0m
2020-09-16 11:06:05.486  INFO 232 --- [nio-8889-exec-1] o.a.c.c.C.[Tomcat].[localhost].[/]       : Initializing Spring DispatcherServlet 'dispatcherServlet'
2020-09-16 11:06:05.486  INFO 232 --- [nio-8889-exec-1] o.s.web.servlet.DispatcherServlet        : Initializing Servlet 'dispatcherServlet'
2020-09-16 11:06:05.486  INFO 232 --- [nio-8889-exec-1] o.s.web.servlet.DispatcherServlet        : Completed initialization in 0 ms
?[1;31m
Start test 217?[0m
?[1;31m
Start test 218?[0m
?[1;31m
Start test 219?[0m
?[1;31m
Start test 220?[0m
?[1;31m
Start test 221?[0m
?[1;31m
Start test 222?[0m
?[1;31m
Start test 223?[0m
?[1;31m
Start test 224?[0m
?[1;31m
Start test 225?[0m
?[1;31m
Start test 226?[0m
?[1;31m
Start test 227?[0m
?[1;31m
Start test 228?[0m
?[1;31m
Start test 229?[0m
?[1;31m
Start test 230?[0m
?[1;31m
Start test 231?[0m
?[1;31m
Start test 232?[0m
?[1;31m
Start test 233?[0m
?[1;31m
Start test 234?[0m
]]></system-out>
  <system-err><![CDATA[]]></system-err>
</testsuite>
